17:32:28.586 ERROR Started! 
18:20:29.764 ERROR Started! 
18:21:46.862 INFO  Started! 
19:03:48.144 INFO  Server starting! 
19:03:50.361 INFO  Server starting! 
19:04:06.041 INFO  Server starting! 
19:04:31.623 INFO  Server starting!!!! 
19:05:38.387 INFO  Server starting!!! 
19:32:15.433 INFO  Server starting!!! 
19:32:20.437 INFO  Server starting!!! 
20:33:12.126 INFO  Server starting!!! 
21:44:09.964 INFO  Server starting!!! 
21:45:13.036 INFO  Server starting!!! 
21:45:33.563 INFO  Server starting!!! 
21:46:15.813 INFO  Server starting!!! 
21:46:46.299 INFO  Server starting!!! 
21:47:15.055 INFO  Server starting!!! 
21:54:23.578 INFO  Server starting!!! 
22:02:10.916 INFO  Server starting!!! 
22:13:13.684 INFO  Server starting!!! 
22:17:53.403 INFO  Server starting!!! 
22:21:38.102 INFO  Server starting!!! 
22:22:10.983 INFO  Server starting!!! 
22:22:48.384 INFO  Server starting!!! 
22:31:34.506 INFO  Server starting!!! 
23:19:03.061 INFO  Server starting!!! 
